2025-04-29 21:41:20,111 - __main__ - INFO - Starting sentiment and price data merging process
2025-04-29 21:41:20,111 - __main__ - INFO - Loading sentiment data from database
2025-04-29 21:41:20,152 - __main__ - INFO - Loaded 2634 sentiment records
2025-04-29 21:41:20,152 - __main__ - INFO - Processing ticker 1/8: TSLA
2025-04-29 21:41:21,839 - __main__ - INFO - Successfully merged 305 records for TSLA
2025-04-29 21:41:21,839 - __main__ - INFO - Processing ticker 2/8: AAPL
2025-04-29 21:41:22,775 - __main__ - INFO - Successfully merged 331 records for AAPL
2025-04-29 21:41:22,775 - __main__ - INFO - Processing ticker 3/8: AMZN
2025-04-29 21:41:24,072 - __main__ - INFO - Successfully merged 198 records for AMZN
2025-04-29 21:41:24,072 - __main__ - INFO - Processing ticker 4/8: GOOGL
2025-04-29 21:41:25,310 - __main__ - INFO - Successfully merged 273 records for GOOGL
2025-04-29 21:41:25,310 - __main__ - INFO - Processing ticker 5/8: GTLB
2025-04-29 21:41:26,245 - __main__ - INFO - Successfully merged 10 records for GTLB
2025-04-29 21:41:26,245 - __main__ - INFO - Processing ticker 6/8: AMD
2025-04-29 21:41:27,166 - __main__ - INFO - Successfully merged 163 records for AMD
2025-04-29 21:41:27,166 - __main__ - INFO - Processing ticker 7/8: NVDA
2025-04-29 21:41:28,225 - __main__ - INFO - Successfully merged 192 records for NVDA
2025-04-29 21:41:28,226 - __main__ - INFO - Processing ticker 8/8: AAL
2025-04-29 21:41:29,660 - __main__ - INFO - Successfully merged 125 records for AAL
2025-04-29 21:41:29,684 - __main__ - INFO - Successfully saved 1597 records to database
2025-04-29 21:41:29,684 - __main__ - INFO - Successfully merged and saved 1597 records from 8 tickers.
2025-04-29 21:58:37,645 - __main__ - INFO - Starting sentiment and price data merging process
2025-04-29 21:58:37,645 - __main__ - INFO - Loading sentiment data from database
2025-04-29 21:58:37,716 - __main__ - INFO - Loaded 2634 sentiment records
2025-04-29 21:58:37,716 - __main__ - INFO - Processing ticker 1/8: TSLA
2025-04-29 21:58:39,543 - __main__ - INFO - Successfully merged 305 records for TSLA
2025-04-29 21:58:39,543 - __main__ - INFO - Processing ticker 2/8: AAPL
2025-04-29 21:58:40,928 - __main__ - INFO - Successfully merged 331 records for AAPL
2025-04-29 21:58:40,928 - __main__ - INFO - Processing ticker 3/8: AMZN
2025-04-29 21:58:42,199 - __main__ - INFO - Successfully merged 198 records for AMZN
2025-04-29 21:58:42,200 - __main__ - INFO - Processing ticker 4/8: GOOGL
2025-04-29 21:58:43,474 - __main__ - INFO - Successfully merged 273 records for GOOGL
2025-04-29 21:58:43,474 - __main__ - INFO - Processing ticker 5/8: GTLB
2025-04-29 21:58:45,370 - __main__ - INFO - Successfully merged 10 records for GTLB
2025-04-29 21:58:45,370 - __main__ - INFO - Processing ticker 6/8: AMD
2025-04-29 21:58:46,392 - __main__ - INFO - Successfully merged 163 records for AMD
2025-04-29 21:58:46,392 - __main__ - INFO - Processing ticker 7/8: NVDA
2025-04-29 21:58:47,300 - __main__ - INFO - Successfully merged 192 records for NVDA
2025-04-29 21:58:47,300 - __main__ - INFO - Processing ticker 8/8: AAL
2025-04-29 21:58:49,972 - __main__ - INFO - Successfully merged 125 records for AAL
2025-04-29 21:58:50,007 - __main__ - INFO - Successfully saved 1597 records to database
2025-04-29 21:58:50,007 - __main__ - INFO - Successfully merged and saved 1597 records from 8 tickers.
2025-04-29 22:54:42,365 - __main__ - INFO - Starting sentiment and price data merging process
2025-04-29 22:54:42,366 - __main__ - INFO - Loading sentiment data from database
2025-04-29 22:54:42,406 - __main__ - INFO - Loaded 2634 sentiment records
2025-04-29 22:54:42,406 - __main__ - INFO - Processing ticker 1/8: TSLA
2025-04-29 22:54:43,879 - __main__ - INFO - Successfully merged 305 records for TSLA
2025-04-29 22:54:43,879 - __main__ - INFO - Processing ticker 2/8: AAPL
2025-04-29 22:54:44,791 - __main__ - INFO - Successfully merged 331 records for AAPL
2025-04-29 22:54:44,791 - __main__ - INFO - Processing ticker 3/8: AMZN
2025-04-29 22:54:46,063 - __main__ - INFO - Successfully merged 198 records for AMZN
2025-04-29 22:54:46,063 - __main__ - INFO - Processing ticker 4/8: GOOGL
2025-04-29 22:54:46,910 - __main__ - INFO - Successfully merged 273 records for GOOGL
2025-04-29 22:54:46,910 - __main__ - INFO - Processing ticker 5/8: GTLB
2025-04-29 22:54:47,780 - __main__ - INFO - Successfully merged 10 records for GTLB
2025-04-29 22:54:47,780 - __main__ - INFO - Processing ticker 6/8: AMD
2025-04-29 22:54:48,655 - __main__ - INFO - Successfully merged 163 records for AMD
2025-04-29 22:54:48,655 - __main__ - INFO - Processing ticker 7/8: NVDA
2025-04-29 22:54:49,513 - __main__ - INFO - Successfully merged 192 records for NVDA
2025-04-29 22:54:49,513 - __main__ - INFO - Processing ticker 8/8: AAL
2025-04-29 22:54:50,386 - __main__ - INFO - Successfully merged 125 records for AAL
2025-04-29 22:54:50,410 - __main__ - INFO - Successfully saved 1597 records to database
2025-04-29 22:54:50,410 - __main__ - INFO - Successfully merged and saved 1597 records from 8 tickers.
