2025-04-29 22:33:20,073 - __main__ - INFO - Starting technical model training process
2025-04-29 22:33:20,073 - __main__ - INFO - Processing ticker: TSLA
2025-04-29 22:33:20,073 - __main__ - INFO - [YFinance] Downloading TSLA...
2025-04-29 22:33:21,594 - yfinance - ERROR - 
1 Failed download:
2025-04-29 22:33:21,595 - yfinance - ERROR - ['TSLA']: YFRateLimitError('Too Many Requests. Rate limited. Try after a while.')
2025-04-29 22:33:21,596 - __main__ - WARNING - [YFinance] No data, trying Twelve Data for TSLA...
2025-04-29 22:33:21,596 - __main__ - INFO - [TwelveData] Sleeping 10 seconds before fetching TSLA...
2025-04-29 22:33:32,278 - __main__ - INFO - Added 4978 records for TSLA
2025-04-29 22:33:32,279 - __main__ - INFO - Processing ticker: AAPL
2025-04-29 22:33:32,279 - __main__ - INFO - [YFinance] Downloading AAPL...
2025-04-29 22:33:33,228 - yfinance - ERROR - 
1 Failed download:
2025-04-29 22:33:33,228 - yfinance - ERROR - ['AAPL']: YFRateLimitError('Too Many Requests. Rate limited. Try after a while.')
2025-04-29 22:33:33,229 - __main__ - WARNING - [YFinance] No data, trying Twelve Data for AAPL...
2025-04-29 22:33:33,229 - __main__ - INFO - [TwelveData] Sleeping 10 seconds before fetching AAPL...
2025-04-29 22:33:43,610 - __main__ - INFO - Added 4978 records for AAPL
2025-04-29 22:33:43,610 - __main__ - INFO - Processing ticker: AMZN
2025-04-29 22:33:43,610 - __main__ - INFO - [YFinance] Downloading AMZN...
2025-04-29 22:33:44,639 - yfinance - ERROR - 
1 Failed download:
2025-04-29 22:33:44,640 - yfinance - ERROR - ['AMZN']: YFRateLimitError('Too Many Requests. Rate limited. Try after a while.')
2025-04-29 22:33:44,642 - __main__ - WARNING - [YFinance] No data, trying Twelve Data for AMZN...
2025-04-29 22:33:44,643 - __main__ - INFO - [TwelveData] Sleeping 10 seconds before fetching AMZN...
2025-04-29 22:33:55,875 - __main__ - INFO - Added 4978 records for AMZN
2025-04-29 22:33:55,875 - __main__ - INFO - Processing ticker: GOOGL
2025-04-29 22:33:55,875 - __main__ - INFO - [YFinance] Downloading GOOGL...
2025-04-29 22:33:56,652 - yfinance - ERROR - 
1 Failed download:
2025-04-29 22:33:56,652 - yfinance - ERROR - ['GOOGL']: YFRateLimitError('Too Many Requests. Rate limited. Try after a while.')
2025-04-29 22:33:56,655 - __main__ - WARNING - [YFinance] No data, trying Twelve Data for GOOGL...
2025-04-29 22:33:56,656 - __main__ - INFO - [TwelveData] Sleeping 10 seconds before fetching GOOGL...
2025-04-29 22:34:07,006 - __main__ - INFO - Added 4978 records for GOOGL
2025-04-29 22:34:07,006 - __main__ - INFO - Processing ticker: GTLB
2025-04-29 22:34:07,006 - __main__ - INFO - [YFinance] Downloading GTLB...
2025-04-29 22:34:07,827 - yfinance - ERROR - 
1 Failed download:
2025-04-29 22:34:07,827 - yfinance - ERROR - ['GTLB']: YFRateLimitError('Too Many Requests. Rate limited. Try after a while.')
2025-04-29 22:34:07,830 - __main__ - WARNING - [YFinance] No data, trying Twelve Data for GTLB...
2025-04-29 22:34:07,831 - __main__ - INFO - [TwelveData] Sleeping 10 seconds before fetching GTLB...
2025-04-29 22:34:19,123 - __main__ - INFO - Added 4978 records for GTLB
2025-04-29 22:34:19,124 - __main__ - INFO - Processing ticker: AMD
2025-04-29 22:34:19,124 - __main__ - INFO - [YFinance] Downloading AMD...
2025-04-29 22:34:20,001 - yfinance - ERROR - 
1 Failed download:
2025-04-29 22:34:20,002 - yfinance - ERROR - ['AMD']: YFRateLimitError('Too Many Requests. Rate limited. Try after a while.')
2025-04-29 22:34:20,004 - __main__ - WARNING - [YFinance] No data, trying Twelve Data for AMD...
2025-04-29 22:34:20,004 - __main__ - INFO - [TwelveData] Sleeping 10 seconds before fetching AMD...
2025-04-29 22:34:30,356 - __main__ - INFO - Added 4978 records for AMD
2025-04-29 22:34:30,356 - __main__ - INFO - Processing ticker: NVDA
2025-04-29 22:34:30,356 - __main__ - INFO - [YFinance] Downloading NVDA...
2025-04-29 22:34:31,280 - yfinance - ERROR - 
1 Failed download:
2025-04-29 22:34:31,281 - yfinance - ERROR - ['NVDA']: YFRateLimitError('Too Many Requests. Rate limited. Try after a while.')
2025-04-29 22:34:31,282 - __main__ - WARNING - [YFinance] No data, trying Twelve Data for NVDA...
2025-04-29 22:34:31,282 - __main__ - INFO - [TwelveData] Sleeping 10 seconds before fetching NVDA...
2025-04-29 22:34:41,613 - __main__ - INFO - Added 4978 records for NVDA
2025-04-29 22:34:41,613 - __main__ - INFO - Processing ticker: AAL
2025-04-29 22:34:41,613 - __main__ - INFO - [YFinance] Downloading AAL...
2025-04-29 22:34:42,739 - yfinance - ERROR - 
1 Failed download:
2025-04-29 22:34:42,739 - yfinance - ERROR - ['AAL']: YFRateLimitError('Too Many Requests. Rate limited. Try after a while.')
2025-04-29 22:34:42,740 - __main__ - WARNING - [YFinance] No data, trying Twelve Data for AAL...
2025-04-29 22:34:42,740 - __main__ - INFO - [TwelveData] Sleeping 10 seconds before fetching AAL...
2025-04-29 22:34:53,075 - __main__ - INFO - Added 4978 records for AAL
2025-04-29 22:34:53,076 - __main__ - INFO - Total dataset size: 39824 records
2025-04-29 22:34:53,079 - __main__ - INFO - Training set: 31859 samples, Test set: 7965 samples
2025-04-29 22:34:53,079 - __main__ - INFO - Training technical fallback model...
2025-04-29 22:35:00,858 - __main__ - INFO - 
Model Evaluation:
              precision    recall  f1-score   support

        DOWN       0.45      0.43      0.44      2279
     NEUTRAL       0.64      0.62      0.63      3265
          UP       0.45      0.49      0.47      2421

    accuracy                           0.53      7965
   macro avg       0.52      0.51      0.51      7965
weighted avg       0.53      0.53      0.53      7965

2025-04-29 22:35:00,915 - __main__ - INFO - Technical fallback model saved as C:\Users\jeets\OneDrive\Desktop\Jeet File\Projects\Real time stock market\pythonProject1\stockmarket_analysis\model\tech_model.pkl
2025-04-29 22:35:00,915 - __main__ - INFO - Training process completed successfully
